<?xml version="1.0" encoding="UTF-8"?>
<!-- Generated by org.testng.reporters.JUnitReportReporter -->
<testsuite hostname="DESKTOP-6VJTSHH" failures="0" tests="1" name="runner_.LoginRunner" time="7.602" errors="0" timestamp="2024-03-12T13:17:39 IST" skipped="0">
  <testcase classname="runner_.LoginRunner" name="runScenario" time="7.602"/>
  <system-out/>
</testsuite> <!-- runner_.LoginRunner -->
